RecyclerCptr/build/outputs/logs/manifest-merger-debug-report.txt
-- Merging decision tree log ---
manifest
ADDED from BaseUtils\RecyclerCptr\AndroidManifest.xml:1:1-14:12
INJECTED from BaseUtils\RecyclerCptr\AndroidManifest.xml:1:1-14:12
INJECTED from BaseUtils\RecyclerCptr\AndroidManifest.xml:1:1-14:12
INJECTED from BaseUtils\RecyclerCptr\AndroidManifest.xml:1:1-14:12
INJECTED from BaseUtils\RecyclerCptr\AndroidManifest.xml:1:1-14:12
INJECTED from BaseUtils\RecyclerCptr\AndroidManifest.xml:1:1-14:12
INJECTED from BaseUtils\RecyclerCptr\AndroidManifest.xml:1:1-14:12
	package
		ADDED from BaseUtils\RecyclerCptr\AndroidManifest.xml:2:5-35
		INJECTED from BaseUtils\RecyclerCptr\AndroidManifest.xml
		INJECTED from BaseUtils\RecyclerCptr\AndroidManifest.xml
	android:versionName
		ADDED from BaseUtils\RecyclerCptr\AndroidManifest.xml:4:5-30
		INJECTED from BaseUtils\RecyclerCptr\AndroidManifest.xml
		INJECTED from BaseUtils\RecyclerCptr\AndroidManifest.xml
	xmlns:android
		ADDED from BaseUtils\RecyclerCptr\AndroidManifest.xml:1:11-69
	android:versionCode
		ADDED from BaseUtils\RecyclerCptr\AndroidManifest.xml:3:5-28
		INJECTED from BaseUtils\RecyclerCptr\AndroidManifest.xml
		INJECTED from BaseUtils\RecyclerCptr\AndroidManifest.xml
uses-sdk
ADDED from BaseUtils\RecyclerCptr\AndroidManifest.xml:6:5-7:36
INJECTED from BaseUtils\RecyclerCptr\AndroidManifest.xml:6:5-7:36
INJECTED from BaseUtils\RecyclerCptr\AndroidManifest.xml:6:5-7:36
INJECTED from BaseUtils\RecyclerCptr\AndroidManifest.xml:6:5-7:36
INJECTED from BaseUtils\RecyclerCptr\AndroidManifest.xml:6:5-7:36
	android:targetSdkVersion
		INJECTED from BaseUtils\RecyclerCptr\AndroidManifest.xml
		ADDED from BaseUtils\RecyclerCptr\AndroidManifest.xml:6:5-7:36
		INJECTED from BaseUtils\RecyclerCptr\AndroidManifest.xml
	android:minSdkVersion
		ADDED from BaseUtils\RecyclerCptr\AndroidManifest.xml:7:9-34
		INJECTED from BaseUtils\RecyclerCptr\AndroidManifest.xml
		INJECTED from BaseUtils\RecyclerCptr\AndroidManifest.xml
application
ADDED from BaseUtils\RecyclerCptr\AndroidManifest.xml:9:5-12:19
	android:label
		ADDED from BaseUtils\RecyclerCptr\AndroidManifest.xml:11:9-41
	android:allowBackup
		ADDED from BaseUtils\RecyclerCptr\AndroidManifest.xml:10:9-35